<?xml version="1.0" encoding="UTF-8"?>
<testng-results skipped="0" failed="0" ignored="0" total="1" passed="1">
  <reporter-output>
  </reporter-output>
  <suite name="Default suite" duration-ms="85" started-at="2017-10-20T04:36:34Z" finished-at="2017-10-20T04:36:35Z">
    <groups>
    </groups>
    <test name="Default test" duration-ms="85" started-at="2017-10-20T04:36:34Z" finished-at="2017-10-20T04:36:35Z">
      <class name="log4jpackage.testlog4j">
        <test-method status="PASS" signature="loadlog4j()[pri:0, instance:log4jpackage.testlog4j@14acaea5]" name="loadlog4j" is-config="true" duration-ms="29" started-at="2017-10-20T10:06:34Z" finished-at="2017-10-20T10:06:35Z">
          <reporter-output>
          </reporter-output>
        </test-method> <!-- loadlog4j -->
        <test-method status="PASS" signature="testLogin()[pri:0, instance:log4jpackage.testlog4j@14acaea5]" name="testLogin" duration-ms="30" started-at="2017-10-20T10:06:35Z" finished-at="2017-10-20T10:06:35Z">
          <reporter-output>
          </reporter-output>
        </test-method> <!-- testLogin -->
      </class> <!-- log4jpackage.testlog4j -->
    </test> <!-- Default test -->
  </suite> <!-- Default suite -->
</testng-results>
