<?xml version="1.0" encoding="UTF-8"?>
<testng-results skipped="0" failed="0" ignored="0" total="1" passed="1">
  <reporter-output>
  </reporter-output>
  <suite name="Default suite" duration-ms="306" started-at="2017-11-10T14:00:12Z" finished-at="2017-11-10T14:00:13Z">
    <groups>
    </groups>
    <test name="Default test" duration-ms="306" started-at="2017-11-10T14:00:12Z" finished-at="2017-11-10T14:00:13Z">
      <class name="log4jpackage.testlog4j">
        <test-method status="PASS" signature="loadlog4j()[pri:0, instance:log4jpackage.testlog4j@d8355a8]" name="loadlog4j" is-config="true" duration-ms="214" started-at="2017-11-10T19:30:12Z" finished-at="2017-11-10T19:30:13Z">
          <reporter-output>
          </reporter-output>
        </test-method> <!-- loadlog4j -->
        <test-method status="PASS" signature="testLogin()[pri:0, instance:log4jpackage.testlog4j@d8355a8]" name="testLogin" duration-ms="56" started-at="2017-11-10T19:30:13Z" finished-at="2017-11-10T19:30:13Z">
          <reporter-output>
          </reporter-output>
        </test-method> <!-- testLogin -->
      </class> <!-- log4jpackage.testlog4j -->
    </test> <!-- Default test -->
  </suite> <!-- Default suite -->
</testng-results>
